<?xml version="1.0" encoding="utf-8"?><testsuites name="pytest tests"><testsuite name="pytest" errors="0" failures="0" skipped="0" tests="4" time="0.217" timestamp="2025-11-14T16:32:29.234769+05:30" hostname="Rajat"><testcase classname="tests.test_api" name="test_status_ok" time="0.023" /><testcase classname="tests.test_api" name="test_sum_ok" time="0.017" /><testcase classname="tests.test_api" name="test_sum_float_and_negative" time="0.015" /><testcase classname="tests.test_api" name="test_sum_bad_params" time="0.025" /></testsuite></testsuites>